
/home/axel/.jdks/ms-21.0.8/bin/java -javaagent:/home/axel/.local/share/JetBrains/Toolbox/apps/intellij-idea-community-edition/lib/idea_rt.jar=37165 -Dfile.encoding=UTF-8 -Dsun.stdout.encoding=UTF-8 -Dsun.stderr.encoding=UTF-8 -classpath /home/axel/dev/MiniCPBP-MAP/target/classes:/home/axel/.m2/repository/org/xcsp/xcsp3-tools/2.3/xcsp3-tools-2.3.jar:/home/axel/.m2/repository/javax/json/javax.json-api/1.1.2/javax.json-api-1.1.2.jar:/home/axel/.m2/repository/org/glassfish/javax.json/1.1.2/javax.json-1.1.2.jar:/home/axel/.m2/repository/commons-cli/commons-cli/1.4/commons-cli-1.4.jar:/home/axel/.m2/repository/org/antlr/antlr4/4.7/antlr4-4.7.jar:/home/axel/.m2/repository/org/antlr/antlr4-runtime/4.7/antlr4-runtime-4.7.jar:/home/axel/.m2/repository/org/antlr/antlr-runtime/3.5.2/antlr-runtime-3.5.2.jar:/home/axel/.m2/repository/org/antlr/ST4/4.0.8/ST4-4.0.8.jar:/home/axel/.m2/repository/org/abego/treelayout/org.abego.treelayout.core/1.0.3/org.abego.treelayout.core-1.0.3.jar:/home/axel/.m2/repository/com/ibm/icu/icu4j/58.2/icu4j-58.2.jar launch.SolveXCSPFZN --input data/StillLife/StillLife-wst-s1/StillLife-wastage-10.xml.lzma --bp-algorithm sum-product --branching max-marginal --search-type lds --timeout 1800 --propagation-shortcut true --reset-marginals-before-bp true --skip-uniform-max-prod true --oracle-on-objective 1.0 --entropy-branching-threshold 1.0 --max-iter 5 --timeout 1800 --trace-search true
input file: data/StillLife/StillLife-wst-s1/StillLife-wastage-10.xml.lzma
BP algorithm: sum-product
oracle on objective: 1.0
branching strategy: max-marginal
entropy branching threshold: 1.0
propagation shortcut: true
skip uniform max product: true
reset marginals before BP: true
search type: lds
max iterations: 5
decision variables number:301
variables number:342
constraints number:204
mean distance to objective: 3.475083056478405
mean constraint scope ratio: 0.020439309656254456
damping factor: 1.0
optimizing...
### choiceId=0; branching on x[5][6]=1; nb of ties=0
### choiceId=1; branching on x[5][7]=0; nb of ties=0
### choiceId=2; branching on x[3][6]=0; nb of ties=0
### choiceId=3; branching on x[5][5]=0; nb of ties=0
### choiceId=4; branching on x[3][8]=0; nb of ties=0
### choiceId=5; branching on x[5][8]=0; nb of ties=0
### choiceId=6; branching on x[7][8]=0; nb of ties=0
### choiceId=7; branching on x[3][7]=0; nb of ties=0
### choiceId=8; branching on x[8][8]=0; nb of ties=0
### choiceId=9; branching on x[8][6]=0; nb of ties=0
### choiceId=10; branching on x[8][3]=0; nb of ties=0
### choiceId=11; branching on x[6][5]=0; nb of ties=0
### choiceId=12; branching on x[5][3]=0; nb of ties=0
### choiceId=13; branching on x[3][3]=0; nb of ties=0
### choiceId=14; branching on x[4][7]=1; nb of ties=0
### choiceId=15; branching on x[4][6]=1; nb of ties=0
### choiceId=16; branching on x[4][5]=0; nb of ties=0
### choiceId=17; branching on x[5][4]=1; nb of ties=0
### choiceId=18; branching on x[6][3]=0; nb of ties=0
### choiceId=19; branching on x[6][4]=1; nb of ties=0
### choiceId=20; branching on x[7][3]=0; nb of ties=0
### choiceId=21; branching on x[7][4]=1; nb of ties=0
### choiceId=22; branching on x[4][4]=1; nb of ties=0
### choiceId=23; branching on x[3][5]=0; nb of ties=0
### choiceId=24; branching on x[3][4]=1; nb of ties=0
### choiceId=25; branching on x[4][3]=0; nb of ties=0
### choiceId=26; branching on x[8][5]=0; nb of ties=0
### choiceId=27; branching on x[8][4]=1; nb of ties=0
### choiceId=28; branching on x[4][8]=1; nb of ties=0
### choiceId=29; branching on x[4][9]=1; nb of ties=0
### choiceId=30; branching on x[5][9]=0; nb of ties=0
### choiceId=31; branching on x[3][9]=0; nb of ties=0
### choiceId=32; branching on w[0][8]=1; nb of ties=0
### choiceId=33; branching on x[2][4]=1; nb of ties=0
### choiceId=34; branching on x[2][3]=0; nb of ties=0
### choiceId=35; branching on w[3][0]=1; nb of ties=0
### choiceId=36; branching on w[5][0]=1; nb of ties=0
### choiceId=37; branching on w[8][0]=1; nb of ties=0
### choiceId=38; branching on w[6][11]=1; nb of ties=0
### choiceId=39; branching on x[9][3]=0; nb of ties=0
### choiceId=40; branching on x[6][6]=0; nb of ties=0
### choiceId=41; branching on x[9][5]=0; nb of ties=0
### choiceId=42; branching on x[10][7]=0; nb of ties=0
### choiceId=43; branching on x[10][4]=0; nb of ties=0
### choiceId=44; branching on x[3][10]=0; nb of ties=0
### choiceId=45; branching on x[5][10]=1; nb of ties=0
### choiceId=46; branching on x[9][6]=1; nb of ties=0
### choiceId=47; branching on w[11][5]=0; nb of ties=0
### choiceId=48; branching on w[4][11]=0; nb of ties=0
### choiceId=49; branching on x[1][5]=0; nb of ties=0
### choiceId=50; branching on x[2][9]=1; nb of ties=0
### choiceId=51; branching on w[1][11]=0; nb of ties=0
### choiceId=52; branching on x[1][9]=0; nb of ties=0
### choiceId=53; branching on x[2][7]=1; nb of ties=0
### choiceId=54; branching on x[1][6]=0; nb of ties=0
### choiceId=55; branching on x[2][5]=0; nb of ties=0
### choiceId=55; branching on x[2][5]!=0
### choiceId=54; branching on x[1][6]!=0
### choiceId=53; branching on x[2][7]!=1
### choiceId=52; branching on x[1][9]!=0
### choiceId=56; branching on x[2][7]=1; nb of ties=0
### choiceId=57; branching on x[2][6]=1; nb of ties=0
### choiceId=58; branching on x[2][5]=0; nb of ties=0
### choiceId=59; branching on x[10][6]=1; nb of ties=0
### choiceId=60; branching on x[6][7]=1; nb of ties=0
### choiceId=61; branching on x[8][10]=0; nb of ties=0
### choiceId=62; branching on x[9][9]=1; nb of ties=0
### choiceId=63; branching on x[8][2]=1; nb of ties=0
### choiceId=64; branching on x[9][2]=1; nb of ties=0
### choiceId=65; branching on x[5][2]=1; nb of ties=0
### choiceId=66; branching on x[9][1]=1; nb of ties=0
### choiceId=67; branching on x[7][1]=0; nb of ties=0
### choiceId=68; branching on x[6][2]=1; nb of ties=0
### choiceId=69; branching on x[9][4]=1; nb of ties=0
### choiceId=70; branching on x[2][2]=1; nb of ties=0
### choiceId=71; branching on x[7][10]=1; nb of ties=0
### choiceId=72; branching on x[6][9]=1; nb of ties=0
### choiceId=73; branching on x[7][6]=1; nb of ties=0
### choiceId=74; branching on x[8][7]=0; nb of ties=0
### choiceId=75; branching on x[9][10]=1; nb of ties=0
### choiceId=76; branching on w[11][8]=1; nb of ties=0
### choiceId=51; branching on w[1][11]!=0
### choiceId=50; branching on x[2][9]!=1
### choiceId=49; branching on x[1][5]!=0
### choiceId=77; branching on x[1][6]=0; nb of ties=0
### choiceId=78; branching on x[2][5]=0; nb of ties=0
### choiceId=79; branching on x[2][6]=1; nb of ties=0
### choiceId=80; branching on x[1][3]=0; nb of ties=0
### choiceId=81; branching on x[10][6]=1; nb of ties=0
### choiceId=82; branching on x[2][10]=1; nb of ties=0
### choiceId=83; branching on x[1][9]=0; nb of ties=0
### choiceId=84; branching on x[2][2]=1; nb of ties=0
### choiceId=85; branching on x[1][2]=1; nb of ties=0
### choiceId=86; branching on x[2][1]=0; nb of ties=0
### choiceId=87; branching on x[4][2]=1; nb of ties=0
### choiceId=88; branching on x[8][2]=1; nb of ties=0
### choiceId=89; branching on x[9][2]=1; nb of ties=0
### choiceId=90; branching on x[9][1]=1; nb of ties=0
### choiceId=91; branching on x[7][1]=0; nb of ties=0
### choiceId=92; branching on x[6][1]=1; nb of ties=0
### choiceId=93; branching on x[9][4]=1; nb of ties=0
### choiceId=94; branching on x[6][7]=1; nb of ties=0
### choiceId=95; branching on x[8][10]=0; nb of ties=0
### choiceId=96; branching on x[9][9]=1; nb of ties=0
### choiceId=97; branching on x[7][10]=1; nb of ties=0
### choiceId=98; branching on x[6][9]=1; nb of ties=0
### choiceId=99; branching on x[7][6]=1; nb of ties=0
### choiceId=100; branching on x[8][7]=0; nb of ties=0
### choiceId=101; branching on x[9][10]=1; nb of ties=0
### choiceId=102; branching on w[11][8]=1; nb of ties=0
### choiceId=48; branching on w[4][11]!=0
### choiceId=103; branching on x[10][6]=1; nb of ties=0
### choiceId=104; branching on w[3][10]=2; nb of ties=0
### choiceId=105; branching on x[2][8]=1; nb of ties=0
### choiceId=106; branching on x[2][10]=0; nb of ties=0
### choiceId=107; branching on w[0][9]=0; nb of ties=0
### choiceId=108; branching on x[1][7]=0; nb of ties=0
### choiceId=109; branching on x[2][6]=1; nb of ties=0
### choiceId=110; branching on x[1][4]=0; nb of ties=0
### choiceId=111; branching on w[1][3]=2; nb of ties=0
### choiceId=112; branching on w[0][2]=1; nb of ties=0
### choiceId=113; branching on x[3][2]=1; nb of ties=0
### choiceId=114; branching on w[2][0]=0; nb of ties=0
### choiceId=115; branching on x[6][7]=1; nb of ties=0
### choiceId=116; branching on x[8][10]=0; nb of ties=0
### choiceId=117; branching on x[7][10]=1; nb of ties=0
### choiceId=118; branching on x[7][5]=0; nb of ties=0
### choiceId=119; branching on x[8][7]=0; nb of ties=0
### choiceId=120; branching on x[9][8]=1; nb of ties=0
### choiceId=121; branching on w[10][3]=2; nb of ties=0
### choiceId=122; branching on x[8][2]=1; nb of ties=0
### choiceId=123; branching on x[9][2]=1; nb of ties=0
### choiceId=124; branching on w[9][0]=0; nb of ties=0
### choiceId=125; branching on x[7][2]=1; nb of ties=0
### choiceId=126; branching on x[6][2]=1; nb of ties=0
### choiceId=127; branching on x[8][9]=0; nb of ties=0
### choiceId=128; branching on x[9][9]=1; nb of ties=0
### choiceId=47; branching on w[11][5]!=0
### choiceId=129; branching on x[9][7]=1; nb of ties=0
### choiceId=130; branching on x[8][7]=1; nb of ties=0
### choiceId=131; branching on x[7][5]=1; nb of ties=0
### choiceId=132; branching on x[6][7]=1; nb of ties=0
### choiceId=133; branching on x[9][2]=1; nb of ties=0
### choiceId=134; branching on w[10][5]=2; nb of ties=0
### choiceId=135; branching on w[4][11]=0; nb of ties=0
### choiceId=136; branching on x[1][5]=0; nb of ties=0
### choiceId=137; branching on x[2][9]=1; nb of ties=0
### choiceId=138; branching on w[0][10]=0; nb of ties=0
### choiceId=139; branching on x[1][9]=0; nb of ties=0
### choiceId=140; branching on x[2][7]=1; nb of ties=0
### choiceId=141; branching on x[1][6]=0; nb of ties=0
### choiceId=142; branching on x[2][5]=0; nb of ties=0
### choiceId=46; branching on x[9][6]!=1
### choiceId=143; branching on x[10][6]=1; nb of ties=0
### choiceId=144; branching on x[8][10]=0; nb of ties=0
### choiceId=145; branching on w[11][8]=1; nb of ties=0
### choiceId=146; branching on x[6][7]=0; nb of ties=0
### choiceId=147; branching on x[7][5]=1; nb of ties=0
### choiceId=45; branching on x[5][10]!=1
### choiceId=44; branching on x[3][10]!=0
### choiceId=148; branching on x[6][8]=1; nb of ties=0
### choiceId=149; branching on x[9][6]=1; nb of ties=0
### choiceId=150; branching on w[11][5]=0; nb of ties=0
### choiceId=151; branching on x[10][6]=1; nb of ties=0
### choiceId=152; branching on x[8][10]=0; nb of ties=0
### choiceId=153; branching on x[7][7]=1; nb of ties=0
### choiceId=154; branching on x[7][5]=0; nb of ties=0
### choiceId=43; branching on x[10][4]!=0
### choiceId=155; branching on x[10][3]=0; nb of ties=0
### choiceId=156; branching on x[3][10]=0; nb of ties=0
### choiceId=157; branching on x[5][10]=1; nb of ties=0
### choiceId=158; branching on x[9][2]=1; nb of ties=0
### choiceId=159; branching on w[11][1]=0; nb of ties=0
### choiceId=160; branching on x[9][1]=0; nb of ties=0
### choiceId=161; branching on x[7][1]=1; nb of ties=0
### choiceId=162; branching on x[6][1]=0; nb of ties=0
### choiceId=163; branching on x[6][2]=1; nb of ties=0
### choiceId=164; branching on w[4][0]=0; nb of ties=0
### choiceId=165; branching on w[0][5]=1; nb of ties=0
### choiceId=166; branching on w[4][11]=0; nb of ties=0
### choiceId=167; branching on x[2][9]=1; nb of ties=0
### choiceId=168; branching on w[0][10]=0; nb of ties=0
### choiceId=169; branching on x[1][9]=0; nb of ties=0
### choiceId=170; branching on x[2][7]=1; nb of ties=0
### choiceId=171; branching on x[1][6]=0; nb of ties=0
### choiceId=172; branching on x[2][5]=0; nb of ties=0
### choiceId=42; branching on x[10][7]!=0
### choiceId=173; branching on x[10][6]=0; nb of ties=0
### choiceId=174; branching on x[9][8]=0; nb of ties=0
### choiceId=175; branching on x[9][6]=1; nb of ties=0
### choiceId=176; branching on x[9][7]=1; nb of ties=0
### choiceId=177; branching on x[9][4]=1; nb of ties=0
### choiceId=178; branching on x[10][3]=0; nb of ties=0
### choiceId=179; branching on x[8][10]=0; nb of ties=0
### choiceId=180; branching on x[7][7]=1; nb of ties=0
### choiceId=181; branching on x[6][9]=1; nb of ties=0
### choiceId=182; branching on w[5][11]=0; nb of ties=0
### choiceId=183; branching on x[3][10]=0; nb of ties=0
### choiceId=184; branching on x[1][5]=0; nb of ties=0
### choiceId=185; branching on x[9][2]=1; nb of ties=0
### choiceId=186; branching on w[11][2]=0; nb of ties=0
### choiceId=187; branching on w[11][1]=0; nb of ties=0
### choiceId=188; branching on x[9][1]=0; nb of ties=0
### choiceId=189; branching on x[7][1]=1; nb of ties=0
### choiceId=190; branching on x[6][1]=0; nb of ties=0
### choiceId=191; branching on x[6][2]=1; nb of ties=0
### choiceId=192; branching on x[4][2]=1; nb of ties=0
### choiceId=193; branching on x[2][9]=1; nb of ties=0
### choiceId=194; branching on x[2][10]=1; nb of ties=0
### choiceId=195; branching on w[0][10]=0; nb of ties=0
### choiceId=196; branching on x[1][9]=0; nb of ties=0
### choiceId=197; branching on x[2][7]=1; nb of ties=0
### choiceId=198; branching on x[1][6]=0; nb of ties=0
### choiceId=199; branching on x[2][5]=0; nb of ties=0
### choiceId=41; branching on x[9][5]!=0
### choiceId=200; branching on x[3][10]=0; nb of ties=0
### choiceId=201; branching on x[5][10]=1; nb of ties=0
### choiceId=202; branching on x[9][8]=0; nb of ties=0
### choiceId=203; branching on x[10][6]=0; nb of ties=0
### choiceId=204; branching on x[7][5]=0; nb of ties=0
### choiceId=205; branching on x[7][7]=1; nb of ties=0
### choiceId=206; branching on x[6][9]=1; nb of ties=0
### choiceId=207; branching on w[8][11]=1; nb of ties=0
### choiceId=208; branching on x[9][9]=1; nb of ties=0
### choiceId=209; branching on x[9][10]=0; nb of ties=0
### choiceId=210; branching on x[1][5]=0; nb of ties=0
### choiceId=211; branching on x[8][7]=1; nb of ties=0
### choiceId=212; branching on x[10][8]=1; nb of ties=0
### choiceId=213; branching on x[10][10]=0; nb of ties=0
### choiceId=214; branching on x[9][6]=0; nb of ties=0
### choiceId=215; branching on x[9][7]=1; nb of ties=0
### choiceId=216; branching on x[10][3]=0; nb of ties=0
### choiceId=217; branching on x[10][5]=1; nb of ties=0
### choiceId=218; branching on x[10][4]=1; nb of ties=0
### choiceId=219; branching on x[8][2]=1; nb of ties=0
### choiceId=220; branching on x[10][2]=0; nb of ties=0
### choiceId=221; branching on w[9][0]=0; nb of ties=0
### choiceId=222; branching on x[7][1]=0; nb of ties=0
### choiceId=223; branching on w[6][0]=0; nb of ties=0
### choiceId=224; branching on x[3][2]=1; nb of ties=0
### choiceId=225; branching on x[2][9]=1; nb of ties=0
### choiceId=226; branching on x[2][10]=1; nb of ties=0
### choiceId=227; branching on w[0][10]=0; nb of ties=0
### choiceId=228; branching on x[1][9]=0; nb of ties=0
### choiceId=229; branching on x[1][6]=0; nb of ties=0
### choiceId=230; branching on x[1][7]=1; nb of ties=0
### choiceId=231; branching on x[2][5]=0; nb of ties=0
### choiceId=40; branching on x[6][6]!=0
### choiceId=232; branching on x[10][5]=0; nb of ties=0
### choiceId=233; branching on x[10][8]=0; nb of ties=0
### choiceId=234; branching on x[8][10]=0; nb of ties=0
### choiceId=235; branching on x[1][5]=0; nb of ties=0
### choiceId=236; branching on x[3][10]=0; nb of ties=0
### choiceId=237; branching on w[5][11]=0; nb of ties=0
### choiceId=238; branching on x[4][10]=1; nb of ties=0
### choiceId=239; branching on x[2][9]=1; nb of ties=0
### choiceId=240; branching on w[1][11]=0; nb of ties=0
### choiceId=241; branching on x[1][9]=0; nb of ties=0
### choiceId=242; branching on x[2][7]=1; nb of ties=0
### choiceId=243; branching on x[1][6]=0; nb of ties=0
### choiceId=244; branching on x[2][5]=0; nb of ties=0
### choiceId=39; branching on x[9][3]!=0
### choiceId=245; branching on x[3][10]=0; nb of ties=0
### choiceId=246; branching on w[5][11]=0; nb of ties=0
### choiceId=247; branching on x[6][9]=1; nb of ties=0
### choiceId=248; branching on x[7][5]=0; nb of ties=0
### choiceId=249; branching on x[6][6]=1; nb of ties=0
### choiceId=250; branching on x[7][7]=1; nb of ties=0
### choiceId=251; branching on x[9][4]=0; nb of ties=0
### choiceId=252; branching on w[11][6]=1; nb of ties=0
### choiceId=253; branching on x[9][6]=1; nb of ties=0
### choiceId=254; branching on w[11][4]=1; nb of ties=0
### choiceId=255; branching on x[8][7]=0; nb of ties=0
### choiceId=256; branching on x[9][5]=1; nb of ties=0
### choiceId=257; branching on x[7][6]=1; nb of ties=0
### choiceId=258; branching on x[1][5]=0; nb of ties=0
### choiceId=259; branching on x[8][2]=0; nb of ties=0
### choiceId=260; branching on x[9][2]=1; nb of ties=0
### choiceId=261; branching on w[11][2]=1; nb of ties=0
### choiceId=262; branching on w[7][0]=0; nb of ties=0
### choiceId=263; branching on x[9][1]=1; nb of ties=0
### choiceId=38; branching on w[6][11]!=1
### choiceId=264; branching on x[6][9]=1; nb of ties=0
### choiceId=265; branching on x[5][10]=0; nb of ties=0
### choiceId=266; branching on w[8][11]=1; nb of ties=0
### choiceId=267; branching on x[7][10]=1; nb of ties=0
### choiceId=268; branching on x[7][9]=0; nb of ties=0
### choiceId=269; branching on x[8][9]=1; nb of ties=0
### choiceId=270; branching on x[9][8]=0; nb of ties=0
### choiceId=271; branching on x[9][3]=0; nb of ties=0
### choiceId=272; branching on x[6][6]=0; nb of ties=0
### choiceId=273; branching on x[9][5]=0; nb of ties=0
### choiceId=274; branching on x[9][9]=1; nb of ties=0
### choiceId=275; branching on x[10][9]=0; nb of ties=0
### choiceId=276; branching on x[9][6]=1; nb of ties=0
### choiceId=277; branching on x[10][4]=0; nb of ties=0
### choiceId=278; branching on w[11][8]=1; nb of ties=0
### choiceId=279; branching on x[10][5]=1; nb of ties=0
### choiceId=280; branching on x[10][3]=0; nb of ties=0
### choiceId=281; branching on x[6][7]=1; nb of ties=0
### choiceId=282; branching on x[6][8]=1; nb of ties=0
### choiceId=283; branching on x[8][7]=1; nb of ties=0
### choiceId=284; branching on x[7][6]=0; nb of ties=0
### choiceId=285; branching on x[9][4]=1; nb of ties=0
### choiceId=286; branching on x[9][7]=0; nb of ties=0
### choiceId=37; branching on w[8][0]!=1
### choiceId=287; branching on x[7][1]=0; nb of ties=0
### choiceId=288; branching on w[6][11]=1; nb of ties=0
### choiceId=289; branching on x[3][10]=0; nb of ties=0
### choiceId=290; branching on w[5][11]=0; nb of ties=0
### choiceId=291; branching on x[6][9]=1; nb of ties=0
### choiceId=292; branching on x[3][2]=1; nb of ties=0
### choiceId=293; branching on x[7][2]=1; nb of ties=0
### choiceId=294; branching on x[9][3]=0; nb of ties=0
### choiceId=295; branching on x[9][4]=1; nb of ties=0
### choiceId=296; branching on x[10][1]=0; nb of ties=0
### choiceId=297; branching on w[0][5]=1; nb of ties=0
### choiceId=298; branching on x[2][9]=1; nb of ties=0
### choiceId=299; branching on x[2][10]=1; nb of ties=0
### choiceId=300; branching on w[1][11]=0; nb of ties=0
### choiceId=301; branching on x[1][9]=0; nb of ties=0
### choiceId=302; branching on x[1][6]=0; nb of ties=0
### choiceId=303; branching on x[1][7]=1; nb of ties=0
### choiceId=304; branching on x[2][5]=0; nb of ties=0
### choiceId=36; branching on w[5][0]!=1
### choiceId=305; branching on w[6][0]=1; nb of ties=0
### choiceId=306; branching on x[4][1]=0; nb of ties=0
### choiceId=307; branching on x[4][2]=1; nb of ties=0
### choiceId=308; branching on x[3][2]=1; nb of ties=0
### choiceId=309; branching on w[6][11]=1; nb of ties=0
### choiceId=310; branching on x[9][3]=0; nb of ties=0
### choiceId=311; branching on x[8][1]=0; nb of ties=0
### choiceId=312; branching on x[3][10]=0; nb of ties=0
### choiceId=313; branching on w[5][11]=0; nb of ties=0
### choiceId=314; branching on x[8][2]=1; nb of ties=0
### choiceId=315; branching on x[9][4]=1; nb of ties=0
### choiceId=316; branching on x[6][9]=1; nb of ties=0
### choiceId=317; branching on x[9][8]=0; nb of ties=0
### choiceId=318; branching on x[8][7]=1; nb of ties=0
### choiceId=319; branching on w[8][11]=1; nb of ties=0
### choiceId=320; branching on x[2][9]=1; nb of ties=0
### choiceId=321; branching on x[2][10]=1; nb of ties=0
### choiceId=322; branching on x[1][10]=1; nb of ties=0
### choiceId=323; branching on x[2][8]=1; nb of ties=0
### choiceId=324; branching on x[2][7]=1; nb of ties=0
### choiceId=325; branching on x[1][6]=0; nb of ties=0
### choiceId=326; branching on x[2][6]=1; nb of ties=0
### choiceId=327; branching on x[1][5]=1; nb of ties=0
### choiceId=328; branching on w[0][3]=1; nb of ties=0
### choiceId=329; branching on x[2][1]=1; nb of ties=0
### choiceId=330; branching on x[7][6]=1; nb of ties=0
### choiceId=331; branching on x[6][7]=0; nb of ties=0
### choiceId=332; branching on x[6][6]=1; nb of ties=0
### choiceId=333; branching on w[7][11]=0; nb of ties=0
### choiceId=35; branching on w[3][0]!=1
### choiceId=334; branching on x[4][1]=0; nb of ties=0
### choiceId=335; branching on x[4][2]=1; nb of ties=0
### choiceId=336; branching on w[6][11]=1; nb of ties=0
### choiceId=337; branching on x[3][10]=0; nb of ties=0
### choiceId=338; branching on w[5][11]=0; nb of ties=0
### choiceId=339; branching on x[6][9]=1; nb of ties=0
### choiceId=340; branching on x[9][3]=0; nb of ties=0
### choiceId=341; branching on w[8][0]=1; nb of ties=0
### choiceId=342; branching on x[7][5]=0; nb of ties=0
### choiceId=343; branching on x[6][7]=0; nb of ties=0
### choiceId=344; branching on x[6][6]=1; nb of ties=0
### choiceId=345; branching on x[10][5]=0; nb of ties=0
### choiceId=346; branching on x[7][7]=1; nb of ties=0
### choiceId=347; branching on x[10][8]=0; nb of ties=0
### choiceId=348; branching on x[8][7]=0; nb of ties=0
### choiceId=349; branching on x[7][6]=1; nb of ties=0
### choiceId=350; branching on x[6][1]=0; nb of ties=0
### choiceId=351; branching on x[6][8]=1; nb of ties=0
### choiceId=352; branching on x[8][2]=1; nb of ties=0
### choiceId=353; branching on w[4][11]=0; nb of ties=0
### choiceId=354; branching on x[1][5]=0; nb of ties=0
### choiceId=355; branching on x[2][9]=1; nb of ties=0
### choiceId=356; branching on w[1][11]=0; nb of ties=0
### choiceId=357; branching on x[1][9]=0; nb of ties=0
### choiceId=358; branching on x[2][7]=1; nb of ties=0
### choiceId=359; branching on x[1][6]=0; nb of ties=0
### choiceId=360; branching on x[2][6]=0; nb of ties=0
### choiceId=34; branching on x[2][3]!=0
### choiceId=361; branching on w[0][3]=1; nb of ties=0
### choiceId=362; branching on x[2][7]=1; nb of ties=0
### choiceId=363; branching on x[2][8]=1; nb of ties=0
### choiceId=364; branching on x[1][7]=0; nb of ties=0
### choiceId=365; branching on x[9][3]=0; nb of ties=0
### choiceId=366; branching on w[8][0]=1; nb of ties=0
### choiceId=367; branching on w[5][0]=1; nb of ties=0
### choiceId=368; branching on x[3][2]=0; nb of ties=0
### choiceId=369; branching on x[4][2]=1; nb of ties=0
### choiceId=370; branching on x[4][1]=1; nb of ties=0
### choiceId=371; branching on x[2][1]=0; nb of ties=0
### choiceId=372; branching on x[1][1]=0; nb of ties=0
### choiceId=373; branching on x[1][2]=0; nb of ties=0
### choiceId=374; branching on x[1][5]=0; nb of ties=0
### choiceId=33; branching on x[2][4]!=1
### choiceId=375; branching on w[0][6]=1; nb of ties=0
### choiceId=376; branching on x[2][5]=1; nb of ties=0
### choiceId=377; branching on x[9][3]=0; nb of ties=0
### choiceId=378; branching on w[8][0]=1; nb of ties=0
### choiceId=379; branching on w[5][0]=1; nb of ties=0
### choiceId=380; branching on x[6][6]=0; nb of ties=0
### choiceId=381; branching on x[3][1]=0; nb of ties=0
### choiceId=382; branching on x[6][10]=0; nb of ties=0
### choiceId=383; branching on x[9][5]=0; nb of ties=0
### choiceId=384; branching on x[10][7]=0; nb of ties=0
### choiceId=385; branching on x[10][4]=0; nb of ties=0
### choiceId=386; branching on x[3][10]=0; nb of ties=0
### choiceId=387; branching on x[5][10]=1; nb of ties=0
### choiceId=388; branching on x[2][6]=1; nb of ties=0
### choiceId=389; branching on x[9][6]=1; nb of ties=0
### choiceId=390; branching on w[11][5]=0; nb of ties=0
### choiceId=391; branching on x[2][9]=1; nb of ties=0
### choiceId=392; branching on x[2][10]=1; nb of ties=0
### choiceId=393; branching on w[1][11]=0; nb of ties=0
### choiceId=394; branching on x[1][9]=0; nb of ties=0
### choiceId=395; branching on x[2][7]=1; nb of ties=0
### choiceId=396; branching on w[1][4]=2; nb of ties=0
### choiceId=397; branching on x[2][2]=1; nb of ties=0
### choiceId=398; branching on x[10][6]=1; nb of ties=0
### choiceId=399; branching on w[0][3]=1; nb of ties=0
### choiceId=400; branching on x[1][2]=1; nb of ties=0
### choiceId=401; branching on x[2][1]=0; nb of ties=0
### choiceId=402; branching on x[4][2]=1; nb of ties=0
### choiceId=403; branching on x[8][2]=1; nb of ties=0
### choiceId=404; branching on x[9][2]=1; nb of ties=0
### choiceId=405; branching on x[9][1]=1; nb of ties=0
### choiceId=406; branching on x[7][1]=0; nb of ties=0
### choiceId=407; branching on x[6][1]=1; nb of ties=0
### choiceId=408; branching on x[9][4]=1; nb of ties=0
### choiceId=409; branching on x[6][7]=1; nb of ties=0
### choiceId=410; branching on x[8][10]=0; nb of ties=0
### choiceId=411; branching on x[9][9]=1; nb of ties=0
### choiceId=412; branching on x[7][10]=1; nb of ties=0
### choiceId=413; branching on x[6][9]=1; nb of ties=0
### choiceId=414; branching on x[7][6]=1; nb of ties=0
### choiceId=415; branching on x[8][7]=0; nb of ties=0
### choiceId=416; branching on x[9][10]=1; nb of ties=0
### choiceId=417; branching on w[11][8]=1; nb of ties=0
### choiceId=32; branching on w[0][8]!=1
### choiceId=418; branching on w[0][7]=1; nb of ties=0
### choiceId=419; branching on x[2][7]=1; nb of ties=0
### choiceId=420; branching on x[9][3]=0; nb of ties=0
### choiceId=421; branching on w[8][0]=1; nb of ties=0
### choiceId=422; branching on w[6][0]=1; nb of ties=0
### choiceId=423; branching on w[3][0]=1; nb of ties=0
### choiceId=424; branching on x[2][3]=0; nb of ties=0
### choiceId=425; branching on x[1][5]=0; nb of ties=0
### choiceId=426; branching on x[6][6]=0; nb of ties=0
### choiceId=427; branching on x[2][4]=1; nb of ties=0
### choiceId=428; branching on x[9][5]=0; nb of ties=0
### choiceId=429; branching on x[10][7]=0; nb of ties=0
### choiceId=430; branching on x[10][4]=0; nb of ties=0
### choiceId=431; branching on x[9][6]=1; nb of ties=0
### choiceId=432; branching on w[11][5]=0; nb of ties=0
### choiceId=433; branching on x[7][10]=0; nb of ties=0
### choiceId=434; branching on x[10][6]=1; nb of ties=0
### choiceId=435; branching on x[1][10]=0; nb of ties=0
### choiceId=436; branching on x[6][8]=1; nb of ties=0
### choiceId=437; branching on x[7][7]=1; nb of ties=0
### choiceId=438; branching on x[7][5]=0; nb of ties=0
### choiceId=31; branching on x[3][9]!=0
### choiceId=439; branching on w[3][11]=1; nb of ties=0
### choiceId=440; branching on x[2][8]=0; nb of ties=0
### choiceId=441; branching on w[0][6]=1; nb of ties=0
### choiceId=442; branching on x[2][7]=1; nb of ties=0
### choiceId=443; branching on w[0][7]=0; nb of ties=0
### choiceId=444; branching on w[0][5]=1; nb of ties=0
### choiceId=445; branching on x[2][6]=1; nb of ties=0
### choiceId=446; branching on x[9][3]=0; nb of ties=0
### choiceId=447; branching on w[8][0]=1; nb of ties=0
### choiceId=448; branching on w[6][0]=1; nb of ties=0
### choiceId=449; branching on w[3][0]=1; nb of ties=0
### choiceId=450; branching on x[1][9]=0; nb of ties=0
### choiceId=451; branching on x[1][10]=0; nb of ties=0
### choiceId=452; branching on w[1][10]=2; nb of ties=0
### choiceId=453; branching on x[2][10]=0; nb of ties=0
### choiceId=454; branching on x[2][3]=0; nb of ties=0
### choiceId=455; branching on w[0][8]=0; nb of ties=0
### choiceId=456; branching on x[6][6]=0; nb of ties=0
### choiceId=457; branching on x[9][5]=0; nb of ties=0
### choiceId=458; branching on x[8][10]=0; nb of ties=0
### choiceId=459; branching on x[10][7]=0; nb of ties=0
### choiceId=460; branching on x[10][4]=0; nb of ties=0
### choiceId=461; branching on x[9][6]=1; nb of ties=0
### choiceId=462; branching on w[11][5]=0; nb of ties=0
### choiceId=463; branching on w[2][10]=2; nb of ties=0
### choiceId=464; branching on x[6][8]=1; nb of ties=0
### choiceId=465; branching on x[7][7]=1; nb of ties=0
### choiceId=466; branching on w[11][6]=0; nb of ties=0
### choiceId=467; branching on x[9][7]=0; nb of ties=0
### choiceId=468; branching on w[11][8]=1; nb of ties=0
### choiceId=30; branching on x[5][9]!=0
### choiceId=469; branching on w[5][11]=1; nb of ties=0
### choiceId=470; branching on x[6][8]=0; nb of ties=0
### choiceId=471; branching on x[6][6]=0; nb of ties=0
### choiceId=472; branching on x[7][6]=1; nb of ties=0
### choiceId=473; branching on x[6][7]=1; nb of ties=0
### choiceId=474; branching on w[0][8]=1; nb of ties=0
### choiceId=475; branching on x[9][8]=0; nb of ties=0
### choiceId=476; branching on x[9][3]=0; nb of ties=0
### choiceId=477; branching on x[8][1]=0; nb of ties=0
### choiceId=478; branching on x[8][10]=0; nb of ties=0
### choiceId=479; branching on x[2][3]=0; nb of ties=0
### choiceId=480; branching on x[3][1]=0; nb of ties=0
### choiceId=481; branching on x[1][5]=0; nb of ties=0
### choiceId=482; branching on x[5][1]=0; nb of ties=0
### choiceId=483; branching on x[10][5]=0; nb of ties=0
### choiceId=484; branching on x[8][9]=1; nb of ties=0
### choiceId=485; branching on w[3][11]=1; nb of ties=0
### choiceId=486; branching on w[6][11]=1; nb of ties=0
### choiceId=487; branching on w[7][11]=0; nb of ties=0
### choiceId=488; branching on x[7][9]=1; nb of ties=0
### choiceId=29; branching on x[4][9]!=1
### choiceId=489; branching on x[9][3]=0; nb of ties=0
### choiceId=490; branching on w[8][0]=1; nb of ties=0
### choiceId=491; branching on w[6][0]=1; nb of ties=0
### choiceId=492; branching on w[3][0]=1; nb of ties=0
### choiceId=493; branching on x[2][4]=1; nb of ties=0
### choiceId=494; branching on x[2][3]=0; nb of ties=0
### choiceId=495; branching on x[6][6]=0; nb of ties=0
### choiceId=496; branching on x[6][10]=0; nb of ties=0
### choiceId=497; branching on x[9][8]=0; nb of ties=0
### choiceId=498; branching on x[8][10]=0; nb of ties=0
### choiceId=499; branching on x[6][8]=0; nb of ties=0
### choiceId=500; branching on x[7][5]=0; nb of ties=0
### choiceId=501; branching on x[6][7]=1; nb of ties=0
### choiceId=502; branching on x[10][5]=0; nb of ties=0
### choiceId=503; branching on x[5][9]=1; nb of ties=0
### choiceId=504; branching on x[2][7]=1; nb of ties=0
### choiceId=505; branching on x[2][6]=1; nb of ties=0
### choiceId=506; branching on w[0][7]=1; nb of ties=0
### choiceId=507; branching on x[1][8]=0; nb of ties=0
### choiceId=508; branching on x[1][6]=1; nb of ties=0
### choiceId=509; branching on x[1][4]=0; nb of ties=0
### choiceId=510; branching on x[3][2]=1; nb of ties=0
### choiceId=511; branching on w[1][3]=2; nb of ties=0
### choiceId=512; branching on x[1][2]=0; nb of ties=0
### choiceId=513; branching on w[2][0]=0; nb of ties=0
### choiceId=514; branching on x[4][1]=0; nb of ties=0
### choiceId=515; branching on w[5][0]=0; nb of ties=0
### choiceId=516; branching on x[8][2]=1; nb of ties=0
### choiceId=517; branching on x[3][9]=0; nb of ties=0
### choiceId=518; branching on x[1][9]=1; nb of ties=0
### choiceId=519; branching on x[7][9]=1; nb of ties=0
### choiceId=520; branching on x[8][9]=1; nb of ties=0
### choiceId=521; branching on x[7][10]=1; nb of ties=0
### choiceId=522; branching on x[5][10]=1; nb of ties=0
### choiceId=523; branching on x[9][4]=1; nb of ties=0
### choiceId=524; branching on x[9][10]=0; nb of ties=0
### choiceId=525; branching on x[10][9]=1; nb of ties=0
### choiceId=526; branching on w[11][3]=0; nb of ties=0
### choiceId=527; branching on x[10][2]=0; nb of ties=0
### choiceId=528; branching on x[9][5]=0; nb of ties=0
### choiceId=529; branching on x[8][7]=0; nb of ties=0
### choiceId=530; branching on x[9][6]=1; nb of ties=0
### choiceId=531; branching on w[11][1]=1; nb of ties=0
### choiceId=532; branching on x[7][2]=1; nb of ties=0
### choiceId=533; branching on x[7][1]=1; nb of ties=0
### choiceId=534; branching on x[9][1]=0; nb of ties=0
### choiceId=535; branching on w[10][10]=2; nb of ties=0
### choiceId=536; branching on w[8][5]=2; nb of ties=0
### choiceId=537; branching on w[8][8]=2; nb of ties=0
### choiceId=538; branching on w[7][1]=1; nb of ties=0
### choiceId=539; branching on w[7][6]=1; nb of ties=0
### choiceId=540; branching on w[7][10]=1; nb of ties=0
### choiceId=541; branching on w[9][2]=2; nb of ties=0
### choiceId=542; branching on w[9][1]=2; nb of ties=0
### choiceId=543; branching on w[6][5]=1; nb of ties=0
### choiceId=544; branching on w[6][3]=1; nb of ties=0
### choiceId=545; branching on w[6][8]=1; nb of ties=0
### choiceId=546; branching on w[5][1]=1; nb of ties=0
### choiceId=547; branching on w[4][10]=1; nb of ties=0
### choiceId=548; branching on w[4][8]=1; nb of ties=0
### choiceId=549; branching on w[3][5]=1; nb of ties=0
### choiceId=550; branching on w[3][10]=1; nb of ties=0
### choiceId=551; branching on w[3][9]=1; nb of ties=0
### choiceId=552; branching on w[2][4]=1; nb of ties=0
### choiceId=553; branching on w[2][1]=1; nb of ties=0
### choiceId=554; branching on w[2][10]=1; nb of ties=0
### choiceId=555; branching on w[1][9]=1; nb of ties=0
### choiceId=556; branching on w[1][2]=1; nb of ties=0
### choiceId=557; branching on w[1][10]=1; nb of ties=0
### choiceId=558; branching on w[1][1]=1; nb of ties=0
### choiceId=559; branching on w[11][11]=2; nb of ties=0
### choiceId=560; branching on w[11][0]=2; nb of ties=0
### choiceId=561; branching on w[10][4]=2; nb of ties=0
### choiceId=562; branching on w[10][3]=2; nb of ties=0
### choiceId=563; branching on w[10][9]=2; nb of ties=0
### choiceId=564; branching on w[10][7]=2; nb of ties=0
### choiceId=565; branching on w[7][8]=0; nb of ties=0
### choiceId=566; branching on w[7][2]=0; nb of ties=0
### choiceId=567; branching on w[7][5]=0; nb of ties=0
### choiceId=568; branching on w[7][9]=0; nb of ties=0
### choiceId=569; branching on w[10][5]=2; nb of ties=0
### choiceId=570; branching on w[10][8]=2; nb of ties=0
### choiceId=571; branching on w[10][2]=2; nb of ties=0
### choiceId=572; branching on w[7][3]=0; nb of ties=0
### choiceId=573; branching on w[7][4]=0; nb of ties=0
### choiceId=574; branching on w[7][7]=0; nb of ties=0
### choiceId=575; branching on w[8][10]=2; nb of ties=0
### choiceId=576; branching on w[8][9]=2; nb of ties=0
### choiceId=577; branching on w[8][4]=2; nb of ties=0
### choiceId=578; branching on w[6][7]=0; nb of ties=0
### choiceId=579; branching on w[8][1]=2; nb of ties=0
### choiceId=580; branching on w[6][1]=0; nb of ties=0
### choiceId=581; branching on w[6][6]=0; nb of ties=0
### choiceId=582; branching on w[6][10]=0; nb of ties=0
### choiceId=583; branching on w[6][9]=0; nb of ties=0
### choiceId=584; branching on w[6][2]=0; nb of ties=0
### choiceId=585; branching on w[6][4]=0; nb of ties=0
### choiceId=586; branching on w[5][9]=0; nb of ties=0
### choiceId=587; branching on w[5][4]=0; nb of ties=0
### choiceId=588; branching on w[5][3]=0; nb of ties=0
### choiceId=589; branching on w[5][6]=0; nb of ties=0
### choiceId=590; branching on w[5][10]=0; nb of ties=0
### choiceId=591; branching on w[5][5]=0; nb of ties=0
### choiceId=592; branching on w[5][2]=0; nb of ties=0
### choiceId=593; branching on w[5][8]=0; nb of ties=0
### choiceId=594; branching on w[5][7]=0; nb of ties=0
### choiceId=595; branching on w[8][3]=2; nb of ties=0
### choiceId=596; branching on w[8][6]=2; nb of ties=0
### choiceId=597; branching on w[8][2]=2; nb of ties=0
### choiceId=598; branching on w[8][7]=2; nb of ties=0
### choiceId=599; branching on w[9][7]=0; nb of ties=0
### choiceId=600; branching on w[9][9]=0; nb of ties=0
### choiceId=601; branching on w[9][5]=0; nb of ties=0
### choiceId=602; branching on w[10][6]=2; nb of ties=0
### choiceId=603; branching on w[9][3]=0; nb of ties=0
### choiceId=604; branching on w[9][10]=0; nb of ties=0
### choiceId=605; branching on w[9][4]=0; nb of ties=0
### choiceId=606; branching on w[9][8]=1; nb of ties=0
### choiceId=607; branching on w[4][7]=0; nb of ties=0
### choiceId=608; branching on w[9][6]=2; nb of ties=0
### choiceId=609; branching on ws[4]=55; nb of ties=0
### choiceId=610; branching on ws[0]=9; nb of ties=0
### choiceId=611; branching on w[1][7]=1; nb of ties=0
### choiceId=612; branching on w[2][8]=1; nb of ties=0
### choiceId=613; branching on w[3][8]=1; nb of ties=0
### choiceId=614; branching on w[3][1]=1; nb of ties=0
### choiceId=615; branching on w[1][6]=1; nb of ties=0
### choiceId=616; branching on w[3][2]=1; nb of ties=0
### choiceId=617; branching on w[4][4]=1; nb of ties=0
### choiceId=618; branching on w[2][6]=1; nb of ties=0
### choiceId=619; branching on w[4][9]=1; nb of ties=0
### choiceId=620; branching on w[4][2]=1; nb of ties=0
### choiceId=621; branching on w[1][8]=1; nb of ties=0
### choiceId=622; branching on ws[1]=22; nb of ties=0
### choiceId=623; branching on w[2][7]=1; nb of ties=0
### choiceId=624; branching on w[3][3]=1; nb of ties=0
### choiceId=625; branching on w[2][5]=1; nb of ties=0
### choiceId=626; branching on w[4][5]=1; nb of ties=0
### choiceId=627; branching on w[3][4]=1; nb of ties=0
### choiceId=628; branching on w[4][3]=1; nb of ties=0
### choiceId=629; branching on ws[3]=45; nb of ties=0
### choiceId=630; branching on ws[2]=33; nb of ties=0
### choiceId=631; branching on w[2][2]=1; nb of ties=0
### choiceId=632; branching on w[1][4]=2; nb of ties=0
### choiceId=633; branching on w[0][11]=0; nb of ties=0
### choiceId=634; branching on w[4][6]=0; nb of ties=0
### choiceId=635; branching on w[3][7]=0; nb of ties=0
### choiceId=636; branching on w[2][3]=2; nb of ties=0
Solution found
score: -29

	#choice: 664
	#fail: 27
	execution time (ms): 15949
	#sols : 1
	completed : false

### choiceId=28; branching on x[4][8]!=1
solution found
status: SAT
failures: 28
nodes: 665
runtime (ms): 16718
complete:false
damping factor: 1.0

Process finished with exit code 0
